Apache Maven 3.0.4 (r1232337; 2012-01-17 08:44:56+0000)
Maven home: C:\Program Files\apache-maven-3.0.4\bin\..
Java version: 1.7.0_07, vendor: Oracle Corporation
Java home: C:\Program Files\Java\jdk1.7.0_07\jre
Default locale: en_IE, platform encoding: Cp1252
OS name: "windows 7", version: "6.1", arch: "amd64", family: "windows"
[INFO] Error stacktraces are turned on.
[DEBUG] Reading global settings from C:\Program Files\apache-maven-3.0.4\bin\..\conf\settings.xml
[DEBUG] Reading user settings from C:\Users\Keith\.m2\settings.xml
[DEBUG] Using local repository at C:\Users\Keith\.m2\repository
[DEBUG] Using manager EnhancedLocalRepositoryManager with priority 10 for C:\Users\Keith\.m2\repository
[INFO] Scanning for projects...
[DEBUG] Extension realms for project com.example:helloworld:jar:1.0-SNAPSHOT: (none)
[DEBUG] Looking up lifecyle mappings for packaging jar from ClassRealm[plexus.core, parent: null]
[DEBUG] === REACTOR BUILD PLAN ================================================
[DEBUG] Project: com.example:helloworld:jar:1.0-SNAPSHOT
[DEBUG] Tasks:   [package]
[DEBUG] Style:   Regular
[DEBUG] =======================================================================
[INFO]                                                                         
[INFO] ------------------------------------------------------------------------
[INFO] Building helloworld 1.0-SNAPSHOT
[INFO] ------------------------------------------------------------------------
[DEBUG] Lifecycle default -> [validate, initialize, generate-sources, process-sources, generate-resources, process-resources, compile, process-classes, generate-test-sources, process-test-sources, generate-test-resources, process-test-resources, test-compile, process-test-classes, test, prepare-package, package, pre-integration-test, integration-test, post-integration-test, verify, install, deploy]
[DEBUG] Lifecycle clean -> [pre-clean, clean, post-clean]
[DEBUG] Lifecycle site -> [pre-site, site, post-site, site-deploy]
[DEBUG] Lifecycle default -> [validate, initialize, generate-sources, process-sources, generate-resources, process-resources, compile, process-classes, generate-test-sources, process-test-sources, generate-test-resources, process-test-resources, test-compile, process-test-classes, test, prepare-package, package, pre-integration-test, integration-test, post-integration-test, verify, install, deploy]
[DEBUG] Lifecycle clean -> [pre-clean, clean, post-clean]
[DEBUG] Lifecycle site -> [pre-site, site, post-site, site-deploy]
[DEBUG] Lifecycle default -> [validate, initialize, generate-sources, process-sources, generate-resources, process-resources, compile, process-classes, generate-test-sources, process-test-sources, generate-test-resources, process-test-resources, test-compile, process-test-classes, test, prepare-package, package, pre-integration-test, integration-test, post-integration-test, verify, install, deploy]
[DEBUG] Lifecycle clean -> [pre-clean, clean, post-clean]
[DEBUG] Lifecycle site -> [pre-site, site, post-site, site-deploy]
[DEBUG] Lifecycle default -> [validate, initialize, generate-sources, process-sources, generate-resources, process-resources, compile, process-classes, generate-test-sources, process-test-sources, generate-test-resources, process-test-resources, test-compile, process-test-classes, test, prepare-package, package, pre-integration-test, integration-test, post-integration-test, verify, install, deploy]
[DEBUG] Lifecycle clean -> [pre-clean, clean, post-clean]
[DEBUG] Lifecycle site -> [pre-site, site, post-site, site-deploy]
[DEBUG] Lifecycle default -> [validate, initialize, generate-sources, process-sources, generate-resources, process-resources, compile, process-classes, generate-test-sources, process-test-sources, generate-test-resources, process-test-resources, test-compile, process-test-classes, test, prepare-package, package, pre-integration-test, integration-test, post-integration-test, verify, install, deploy]
[DEBUG] Lifecycle clean -> [pre-clean, clean, post-clean]
[DEBUG] Lifecycle site -> [pre-site, site, post-site, site-deploy]
[DEBUG] Lifecycle default -> [validate, initialize, generate-sources, process-sources, generate-resources, process-resources, compile, process-classes, generate-test-sources, process-test-sources, generate-test-resources, process-test-resources, test-compile, process-test-classes, test, prepare-package, package, pre-integration-test, integration-test, post-integration-test, verify, install, deploy]
[DEBUG] Lifecycle clean -> [pre-clean, clean, post-clean]
[DEBUG] Lifecycle site -> [pre-site, site, post-site, site-deploy]
[DEBUG] Lifecycle default -> [validate, initialize, generate-sources, process-sources, generate-resources, process-resources, compile, process-classes, generate-test-sources, process-test-sources, generate-test-resources, process-test-resources, test-compile, process-test-classes, test, prepare-package, package, pre-integration-test, integration-test, post-integration-test, verify, install, deploy]
[DEBUG] Lifecycle clean -> [pre-clean, clean, post-clean]
[DEBUG] Lifecycle site -> [pre-site, site, post-site, site-deploy]
[DEBUG] === PROJECT BUILD PLAN ================================================
[DEBUG] Project:       com.example:helloworld:1.0-SNAPSHOT
[DEBUG] Dependencies (collect): []
[DEBUG] Dependencies (resolve): [compile, runtime, test]
[DEBUG] Repositories (dependencies): [central (http://repo.maven.apache.org/maven2, releases)]
[DEBUG] Repositories (plugins)     : [central (http://repo.maven.apache.org/maven2, releases)]
[DEBUG] -----------------------------------------------------------------------
[DEBUG] Goal:          org.apache.maven.plugins:maven-resources-plugin:2.5:resources (default-resources)
[DEBUG] Style:         Regular
[DEBUG] Configuration: <?xml version="1.0" encoding="UTF-8"?>
<configuration>
  <buildFilters default-value="${project.build.filters}"/>
  <encoding default-value="${project.build.sourceEncoding}">${encoding}</encoding>
  <escapeString>${maven.resources.escapeString}</escapeString>
  <escapeWindowsPaths default-value="true">${maven.resources.escapeWindowsPaths}</escapeWindowsPaths>
  <includeEmptyDirs default-value="false">${maven.resources.includeEmptyDirs}</includeEmptyDirs>
  <outputDirectory default-value="${project.build.outputDirectory}"/>
  <overwrite default-value="false">${maven.resources.overwrite}</overwrite>
  <project default-value="${project}"/>
  <resources default-value="${project.resources}"/>
  <session default-value="${session}"/>
  <supportMultiLineFiltering default-value="false">${maven.resources.supportMultiLineFiltering}</supportMultiLineFiltering>
  <useBuildFilters default-value="true"/>
  <useDefaultDelimiters default-value="true"/>
</configuration>
[DEBUG] -----------------------------------------------------------------------
[DEBUG] Goal:          org.apache.maven.plugins:maven-compiler-plugin:2.3.2:compile (default-compile)
[DEBUG] Style:         Regular
[DEBUG] Configuration: <?xml version="1.0" encoding="UTF-8"?>
<configuration>
  <basedir default-value="${basedir}"/>
  <buildDirectory default-value="${project.build.directory}"/>
  <classpathElements default-value="${project.compileClasspathElements}"/>
  <compileSourceRoots default-value="${project.compileSourceRoots}"/>
  <compilerId default-value="javac">${maven.compiler.compilerId}</compilerId>
  <compilerVersion>${maven.compiler.compilerVersion}</compilerVersion>
  <debug default-value="true">${maven.compiler.debug}</debug>
  <debuglevel>${maven.compiler.debuglevel}</debuglevel>
  <encoding default-value="${project.build.sourceEncoding}">${encoding}</encoding>
  <executable>${maven.compiler.executable}</executable>
  <failOnError default-value="true">${maven.compiler.failOnError}</failOnError>
  <fork default-value="false">${maven.compiler.fork}</fork>
  <generatedSourcesDirectory default-value="${project.build.directory}/generated-sources/annotations"/>
  <maxmem>${maven.compiler.maxmem}</maxmem>
  <meminitial>${maven.compiler.meminitial}</meminitial>
  <optimize default-value="false">${maven.compiler.optimize}</optimize>
  <outputDirectory default-value="${project.build.outputDirectory}"/>
  <outputFileName>${project.build.finalName}</outputFileName>
  <projectArtifact default-value="${project.artifact}"/>
  <session default-value="${session}"/>
  <showDeprecation default-value="false">${maven.compiler.showDeprecation}</showDeprecation>
  <showWarnings default-value="false">${maven.compiler.showWarnings}</showWarnings>
  <source default-value="1.5">${maven.compiler.source}</source>
  <staleMillis default-value="0">${lastModGranularityMs}</staleMillis>
  <target default-value="1.5">${maven.compiler.target}</target>
  <verbose default-value="false">${maven.compiler.verbose}</verbose>
</configuration>
[DEBUG] -----------------------------------------------------------------------
[DEBUG] Goal:          org.apache.maven.plugins:maven-resources-plugin:2.5:testResources (default-testResources)
[DEBUG] Style:         Regular
[DEBUG] Configuration: <?xml version="1.0" encoding="UTF-8"?>
<configuration>
  <buildFilters default-value="${project.build.filters}"/>
  <encoding default-value="${project.build.sourceEncoding}">${encoding}</encoding>
  <escapeString>${maven.resources.escapeString}</escapeString>
  <escapeWindowsPaths default-value="true">${maven.resources.escapeWindowsPaths}</escapeWindowsPaths>
  <includeEmptyDirs default-value="false">${maven.resources.includeEmptyDirs}</includeEmptyDirs>
  <outputDirectory>${project.build.testOutputDirectory}</outputDirectory>
  <overwrite default-value="false">${maven.resources.overwrite}</overwrite>
  <project default-value="${project}"/>
  <resources>${project.testResources}</resources>
  <session default-value="${session}"/>
  <supportMultiLineFiltering default-value="false">${maven.resources.supportMultiLineFiltering}</supportMultiLineFiltering>
  <useBuildFilters default-value="true"/>
  <useDefaultDelimiters default-value="true"/>
</configuration>
[DEBUG] -----------------------------------------------------------------------
[DEBUG] Goal:          org.apache.maven.plugins:maven-compiler-plugin:2.3.2:testCompile (default-testCompile)
[DEBUG] Style:         Regular
[DEBUG] Configuration: <?xml version="1.0" encoding="UTF-8"?>
<configuration>
  <basedir default-value="${basedir}"/>
  <buildDirectory default-value="${project.build.directory}"/>
  <classpathElements default-value="${project.testClasspathElements}"/>
  <compileSourceRoots default-value="${project.testCompileSourceRoots}"/>
  <compilerId default-value="javac">${maven.compiler.compilerId}</compilerId>
  <compilerVersion>${maven.compiler.compilerVersion}</compilerVersion>
  <debug default-value="true">${maven.compiler.debug}</debug>
  <debuglevel>${maven.compiler.debuglevel}</debuglevel>
  <encoding default-value="${project.build.sourceEncoding}">${encoding}</encoding>
  <executable>${maven.compiler.executable}</executable>
  <failOnError default-value="true">${maven.compiler.failOnError}</failOnError>
  <fork default-value="false">${maven.compiler.fork}</fork>
  <generatedTestSourcesDirectory default-value="${project.build.directory}/generated-sources/test-annotations"/>
  <maxmem>${maven.compiler.maxmem}</maxmem>
  <meminitial>${maven.compiler.meminitial}</meminitial>
  <optimize default-value="false">${maven.compiler.optimize}</optimize>
  <outputDirectory default-value="${project.build.testOutputDirectory}"/>
  <outputFileName>${project.build.finalName}</outputFileName>
  <session default-value="${session}"/>
  <showDeprecation default-value="false">${maven.compiler.showDeprecation}</showDeprecation>
  <showWarnings default-value="false">${maven.compiler.showWarnings}</showWarnings>
  <skip>${maven.test.skip}</skip>
  <source default-value="1.5">${maven.compiler.source}</source>
  <staleMillis default-value="0">${lastModGranularityMs}</staleMillis>
  <target default-value="1.5">${maven.compiler.target}</target>
  <testSource>${maven.compiler.testSource}</testSource>
  <testTarget>${maven.compiler.testTarget}</testTarget>
  <verbose default-value="false">${maven.compiler.verbose}</verbose>
</configuration>
[DEBUG] -----------------------------------------------------------------------
[DEBUG] Goal:          org.apache.maven.plugins:maven-surefire-plugin:2.10:test (default-test)
[DEBUG] Style:         Regular
[DEBUG] Configuration: <?xml version="1.0" encoding="UTF-8"?>
<configuration>
  <argLine>${argLine}</argLine>
  <basedir default-value="${basedir}"/>
  <childDelegation default-value="false">${childDelegation}</childDelegation>
  <classesDirectory default-value="${project.build.outputDirectory}"/>
  <debugForkedProcess>${maven.surefire.debug}</debugForkedProcess>
  <disableXmlReport default-value="false">${disableXmlReport}</disableXmlReport>
  <enableAssertions default-value="true">${enableAssertions}</enableAssertions>
  <excludedGroups>${excludedGroups}</excludedGroups>
  <failIfNoTests>${failIfNoTests}</failIfNoTests>
  <forkMode default-value="once">${forkMode}</forkMode>
  <forkedProcessTimeoutInSeconds>${surefire.timeout}</forkedProcessTimeoutInSeconds>
  <groups>${groups}</groups>
  <junitArtifactName default-value="junit:junit">${junitArtifactName}</junitArtifactName>
  <jvm>${jvm}</jvm>
  <localRepository>${localRepository}</localRepository>
  <objectFactory>${objectFactory}</objectFactory>
  <parallel>${parallel}</parallel>
  <parallelMavenExecution default-value="${session.parallel}"/>
  <perCoreThreadCount default-value="true">${perCoreThreadCount}</perCoreThreadCount>
  <pluginArtifactMap>${plugin.artifactMap}</pluginArtifactMap>
  <printSummary default-value="true">${surefire.printSummary}</printSummary>
  <project default-value="${project}"/>
  <projectArtifactMap>${project.artifactMap}</projectArtifactMap>
  <redirectTestOutputToFile default-value="false">${maven.test.redirectTestOutputToFile}</redirectTestOutputToFile>
  <remoteRepositories>${project.pluginArtifactRepositories}</remoteRepositories>
  <reportFormat default-value="brief">${surefire.reportFormat}</reportFormat>
  <reportNameSuffix default-value="">${surefire.reportNameSuffix}</reportNameSuffix>
  <reportsDirectory default-value="${project.build.directory}/surefire-reports"/>
  <runOrder default-value="filesystem"/>
  <session>${session}</session>
  <skip default-value="false">${maven.test.skip}</skip>
  <skipExec>${maven.test.skip.exec}</skipExec>
  <skipTests default-value="false">${skipTests}</skipTests>
  <test>${test}</test>
  <testClassesDirectory default-value="${project.build.testOutputDirectory}"/>
  <testFailureIgnore default-value="false">${maven.test.failure.ignore}</testFailureIgnore>
  <testNGArtifactName default-value="org.testng:testng">${testNGArtifactName}</testNGArtifactName>
  <testSourceDirectory default-value="${project.build.testSourceDirectory}"/>
  <threadCount>${threadCount}</threadCount>
  <trimStackTrace default-value="true">${trimStackTrace}</trimStackTrace>
  <useFile default-value="true">${surefire.useFile}</useFile>
  <useManifestOnlyJar default-value="true">${surefire.useManifestOnlyJar}</useManifestOnlyJar>
  <useSystemClassLoader default-value="true">${surefire.useSystemClassLoader}</useSystemClassLoader>
  <useUnlimitedThreads default-value="false">${useUnlimitedThreads}</useUnlimitedThreads>
  <workingDirectory>${basedir}</workingDirectory>
</configuration>
[DEBUG] -----------------------------------------------------------------------
[DEBUG] Goal:          org.apache.maven.plugins:maven-jar-plugin:2.3.2:jar (default-jar)
[DEBUG] Style:         Regular
[DEBUG] Configuration: <?xml version="1.0" encoding="UTF-8"?>
<configuration>
  <classesDirectory default-value="${project.build.outputDirectory}"/>
  <defaultManifestFile default-value="${project.build.outputDirectory}/META-INF/MANIFEST.MF"/>
  <finalName default-value="${project.build.finalName}">${jar.finalName}</finalName>
  <forceCreation default-value="false">${jar.forceCreation}</forceCreation>
  <outputDirectory default-value="${project.build.directory}"/>
  <project default-value="${project}"/>
  <useDefaultManifestFile default-value="false">${jar.useDefaultManifestFile}</useDefaultManifestFile>
</configuration>
[DEBUG] -----------------------------------------------------------------------
[DEBUG] Goal:          org.apache.maven.plugins:maven-dependency-plugin:2.4:copy-dependencies (copy-dependencies)
[DEBUG] Style:         Regular
[DEBUG] Configuration: <?xml version="1.0" encoding="UTF-8"?>
<configuration>
  <classifier default-value="">${classifier}</classifier>
  <copyPom default-value="false">${mdep.copyPom}</copyPom>
  <excludeArtifactIds default-value="">${excludeArtifactIds}</excludeArtifactIds>
  <excludeClassifiers default-value="">${excludeClassifiers}</excludeClassifiers>
  <excludeGroupIds default-value="">${excludeGroupIds}</excludeGroupIds>
  <excludeScope default-value="">${excludeScope}</excludeScope>
  <excludeTransitive default-value="false">${excludeTransitive}</excludeTransitive>
  <excludeTypes default-value="">${excludeTypes}</excludeTypes>
  <failOnMissingClassifierArtifact default-value="true">${mdep.failOnMissingClassifierArtifact}</failOnMissingClassifierArtifact>
  <includeArtifactIds default-value="">${includeArtifactIds}</includeArtifactIds>
  <includeClassifiers default-value="">${includeClassifiers}</includeClassifiers>
  <includeGroupIds default-value="">${includeGroupIds}</includeGroupIds>
  <includeScope default-value="">${includeScope}</includeScope>
  <includeTypes default-value="">${includeTypes}</includeTypes>
  <local>${localRepository}</local>
  <markersDirectory default-value="${project.build.directory}/dependency-maven-plugin-markers">${markersDirectory}</markersDirectory>
  <outputAbsoluteArtifactFilename default-value="false">${outputAbsoluteArtifactFilename}</outputAbsoluteArtifactFilename>
  <outputDirectory default-value="${project.build.directory}/dependency">${outputDirectory}</outputDirectory>
  <overWriteIfNewer default-value="true">${overWriteIfNewer}</overWriteIfNewer>
  <overWriteReleases default-value="false">${overWriteReleases}</overWriteReleases>
  <overWriteSnapshots default-value="false">${overWriteSnapshots}</overWriteSnapshots>
  <prependGroupId default-value="false">${mdep.prependGroupId}</prependGroupId>
  <project>${project}</project>
  <reactorProjects>${reactorProjects}</reactorProjects>
  <remoteRepos>${project.remoteArtifactRepositories}</remoteRepos>
  <silent default-value="false">${silent}</silent>
  <stripVersion default-value="false">${mdep.stripVersion}</stripVersion>
  <type default-value="java-source">${type}</type>
  <useRepositoryLayout default-value="false">${mdep.useRepositoryLayout}</useRepositoryLayout>
  <useSubDirectoryPerArtifact default-value="false">${mdep.useSubDirectoryPerArtifact}</useSubDirectoryPerArtifact>
  <useSubDirectoryPerScope default-value="false">${mdep.useSubDirectoryPerScope}</useSubDirectoryPerScope>
  <useSubDirectoryPerType default-value="false">${mdep.useSubDirectoryPerType}</useSubDirectoryPerType>
</configuration>
[DEBUG] =======================================================================
[DEBUG] com.example:helloworld:jar:1.0-SNAPSHOT
[DEBUG]    org.eclipse.jetty:jetty-servlet:jar:7.6.0.v20120127:compile
[DEBUG]       org.eclipse.jetty:jetty-security:jar:7.6.0.v20120127:compile
[DEBUG]          org.eclipse.jetty:jetty-server:jar:7.6.0.v20120127:compile
[DEBUG]             org.eclipse.jetty:jetty-continuation:jar:7.6.0.v20120127:compile
[DEBUG]             org.eclipse.jetty:jetty-http:jar:7.6.0.v20120127:compile
[DEBUG]                org.eclipse.jetty:jetty-io:jar:7.6.0.v20120127:compile
[DEBUG]                   org.eclipse.jetty:jetty-util:jar:7.6.0.v20120127:compile
[DEBUG]    javax.servlet:servlet-api:jar:2.5:compile
[INFO] 
[INFO] --- maven-resources-plugin:2.5:resources (default-resources) @ helloworld ---
[DEBUG] Created new class realm maven.api
[DEBUG] Importing foreign packages into class realm maven.api
[DEBUG]   Imported: org.apache.maven.wagon.events < plexus.core
[DEBUG]   Imported: org.sonatype.aether.transfer < plexus.core
[DEBUG]   Imported: org.apache.maven.exception < plexus.core
[DEBUG]   Imported: org.sonatype.aether.metadata < plexus.core
[DEBUG]   Imported: org.codehaus.plexus.util.xml.Xpp3Dom < plexus.core
[DEBUG]   Imported: org.sonatype.aether.collection < plexus.core
[DEBUG]   Imported: org.sonatype.aether.version < plexus.core
[DEBUG]   Imported: org.apache.maven.monitor < plexus.core
[DEBUG]   Imported: org.apache.maven.wagon.repository < plexus.core
[DEBUG]   Imported: org.apache.maven.repository < plexus.core
[DEBUG]   Imported: org.apache.maven.wagon.resource < plexus.core
[DEBUG]   Imported: org.codehaus.plexus.logging < plexus.core
[DEBUG]   Imported: org.apache.maven.profiles < plexus.core
[DEBUG]   Imported: org.sonatype.aether.repository < plexus.core
[DEBUG]   Imported: org.apache.maven.classrealm < plexus.core
[DEBUG]   Imported: org.apache.maven.execution < plexus.core
[DEBUG]   Imported: org.sonatype.aether.artifact < plexus.core
[DEBUG]   Imported: org.sonatype.aether.spi < plexus.core
[DEBUG]   Imported: org.apache.maven.reporting < plexus.core
[DEBUG]   Imported: org.apache.maven.usability < plexus.core
[DEBUG]   Imported: org.codehaus.plexus.container < plexus.core
[DEBUG]   Imported: org.codehaus.plexus.component < plexus.core
[DEBUG]   Imported: org.codehaus.plexus.util.xml.pull.XmlSerializer < plexus.core
[DEBUG]   Imported: org.apache.maven.wagon.authentication < plexus.core
[DEBUG]   Imported: org.apache.maven.lifecycle < plexus.core
[DEBUG]   Imported: org.codehaus.plexus.classworlds < plexus.core
[DEBUG]   Imported: org.sonatype.aether.graph < plexus.core
[DEBUG]   Imported: org.sonatype.aether.* < plexus.core
[DEBUG]   Imported: org.apache.maven.settings < plexus.core
[DEBUG]   Imported: org.codehaus.classworlds < plexus.core
[DEBUG]   Imported: org.sonatype.aether.impl < plexus.core
[DEBUG]   Imported: org.apache.maven.wagon.* < plexus.core
[DEBUG]   Imported: org.apache.maven.toolchain < plexus.core
[DEBUG]   Imported: org.sonatype.aether.deployment < plexus.core
[DEBUG]   Imported: org.apache.maven.wagon.observers < plexus.core
[DEBUG]   Imported: org.codehaus.plexus.util.xml.pull.XmlPullParserException < plexus.core
[DEBUG]   Imported: org.codehaus.plexus.util.xml.pull.XmlPullParser < plexus.core
[DEBUG]   Imported: org.apache.maven.configuration < plexus.core
[DEBUG]   Imported: org.apache.maven.cli < plexus.core
[DEBUG]   Imported: org.sonatype.aether.installation < plexus.core
[DEBUG]   Imported: org.codehaus.plexus.context < plexus.core
[DEBUG]   Imported: org.apache.maven.wagon.authorization < plexus.core
[DEBUG]   Imported: org.apache.maven.project < plexus.core
[DEBUG]   Imported: org.apache.maven.rtinfo < plexus.core
[DEBUG]   Imported: org.codehaus.plexus.lifecycle < plexus.core
[DEBUG]   Imported: org.codehaus.plexus.configuration < plexus.core
[DEBUG]   Imported: org.apache.maven.artifact < plexus.core
[DEBUG]   Imported: org.apache.maven.model < plexus.core
[DEBUG]   Imported: org.apache.maven.* < plexus.core
[DEBUG]   Imported: org.apache.maven.wagon.proxy < plexus.core
[DEBUG]   Imported: org.sonatype.aether.resolution < plexus.core
[DEBUG]   Imported: org.apache.maven.plugin < plexus.core
[DEBUG]   Imported: org.codehaus.plexus.* < plexus.core
[DEBUG]   Imported: org.codehaus.plexus.personality < plexus.core
[DEBUG] Populating class realm maven.api
[DEBUG] org.apache.maven.plugins:maven-resources-plugin:jar:2.5:
[DEBUG]    org.apache.maven:maven-plugin-api:jar:2.0.6:compile
[DEBUG]    org.apache.maven:maven-project:jar:2.0.6:compile
[DEBUG]       org.apache.maven:maven-profile:jar:2.0.6:compile
[DEBUG]       org.apache.maven:maven-artifact-manager:jar:2.0.6:compile
[DEBUG]       org.apache.maven:maven-plugin-registry:jar:2.0.6:compile
[DEBUG]    org.apache.maven:maven-core:jar:2.0.6:compile
[DEBUG]       org.apache.maven:maven-plugin-parameter-documenter:jar:2.0.6:compile
[DEBUG]       org.apache.maven.reporting:maven-reporting-api:jar:2.0.6:compile
[DEBUG]          org.apache.maven.doxia:doxia-sink-api:jar:1.0-alpha-7:compile
[DEBUG]       org.apache.maven:maven-repository-metadata:jar:2.0.6:compile
[DEBUG]       org.apache.maven:maven-error-diagnostics:jar:2.0.6:compile
[DEBUG]       commons-cli:commons-cli:jar:1.0:compile
[DEBUG]       org.apache.maven:maven-plugin-descriptor:jar:2.0.6:compile
[DEBUG]       org.codehaus.plexus:plexus-interactivity-api:jar:1.0-alpha-4:compile
[DEBUG]       classworlds:classworlds:jar:1.1:compile
[DEBUG]    org.apache.maven:maven-artifact:jar:2.0.6:compile
[DEBUG]    org.apache.maven:maven-settings:jar:2.0.6:compile
[DEBUG]    org.apache.maven:maven-model:jar:2.0.6:compile
[DEBUG]    org.apache.maven:maven-monitor:jar:2.0.6:compile
[DEBUG]    org.codehaus.plexus:plexus-container-default:jar:1.0-alpha-9-stable-1:compile
[DEBUG]       junit:junit:jar:3.8.1:compile
[DEBUG]    org.codehaus.plexus:plexus-utils:jar:2.0.5:compile
[DEBUG]    org.apache.maven.shared:maven-filtering:jar:1.0:compile
[DEBUG]       org.sonatype.plexus:plexus-build-api:jar:0.0.4:compile
[DEBUG]    org.codehaus.plexus:plexus-interpolation:jar:1.13:compile
[DEBUG] Created new class realm plugin>org.apache.maven.plugins:maven-resources-plugin:2.5
[DEBUG] Importing foreign packages into class realm plugin>org.apache.maven.plugins:maven-resources-plugin:2.5
[DEBUG]   Imported:  < maven.api
[DEBUG] Populating class realm plugin>org.apache.maven.plugins:maven-resources-plugin:2.5
[DEBUG]   Included: org.apache.maven.plugins:maven-resources-plugin:jar:2.5
[DEBUG]   Included: org.apache.maven.reporting:maven-reporting-api:jar:2.0.6
[DEBUG]   Included: org.apache.maven.doxia:doxia-sink-api:jar:1.0-alpha-7
[DEBUG]   Included: commons-cli:commons-cli:jar:1.0
[DEBUG]   Included: org.codehaus.plexus:plexus-interactivity-api:jar:1.0-alpha-4
[DEBUG]   Included: junit:junit:jar:3.8.1
[DEBUG]   Included: org.codehaus.plexus:plexus-utils:jar:2.0.5
[DEBUG]   Included: org.apache.maven.shared:maven-filtering:jar:1.0
[DEBUG]   Included: org.sonatype.plexus:plexus-build-api:jar:0.0.4
[DEBUG]   Included: org.codehaus.plexus:plexus-interpolation:jar:1.13
[DEBUG]   Excluded: org.apache.maven:maven-plugin-api:jar:2.0.6
[DEBUG]   Excluded: org.apache.maven:maven-project:jar:2.0.6
[DEBUG]   Excluded: org.apache.maven:maven-profile:jar:2.0.6
[DEBUG]   Excluded: org.apache.maven:maven-artifact-manager:jar:2.0.6
[DEBUG]   Excluded: org.apache.maven:maven-plugin-registry:jar:2.0.6
[DEBUG]   Excluded: org.apache.maven:maven-core:jar:2.0.6
[DEBUG]   Excluded: org.apache.maven:maven-plugin-parameter-documenter:jar:2.0.6
[DEBUG]   Excluded: org.apache.maven:maven-repository-metadata:jar:2.0.6
[DEBUG]   Excluded: org.apache.maven:maven-error-diagnostics:jar:2.0.6
[DEBUG]   Excluded: org.apache.maven:maven-plugin-descriptor:jar:2.0.6
[DEBUG]   Excluded: classworlds:classworlds:jar:1.1
[DEBUG]   Excluded: org.apache.maven:maven-artifact:jar:2.0.6
[DEBUG]   Excluded: org.apache.maven:maven-settings:jar:2.0.6
[DEBUG]   Excluded: org.apache.maven:maven-model:jar:2.0.6
[DEBUG]   Excluded: org.apache.maven:maven-monitor:jar:2.0.6
[DEBUG]   Excluded: org.codehaus.plexus:plexus-container-default:jar:1.0-alpha-9-stable-1
[DEBUG] Configuring mojo org.apache.maven.plugins:maven-resources-plugin:2.5:resources from plugin realm ClassRealm[plugin>org.apache.maven.plugins:maven-resources-plugin:2.5, parent: sun.misc.Launcher$AppClassLoader@c22b29a]
[debug] execute contextualize
[DEBUG] Configuring mojo 'org.apache.maven.plugins:maven-resources-plugin:2.5:resources' with basic configurator -->
[DEBUG]   (f) buildFilters = []
[DEBUG]   (f) escapeWindowsPaths = true
[DEBUG]   (s) includeEmptyDirs = false
[DEBUG]   (s) outputDirectory = C:\heroku\target\classes
[DEBUG]   (s) overwrite = false
[DEBUG]   (f) project = MavenProject: com.example:helloworld:1.0-SNAPSHOT @ C:\heroku\pom.xml
[DEBUG]   (s) resources = [Resource {targetPath: null, filtering: false, FileSet {directory: C:\heroku\src\main\resources, PatternSet [includes: {}, excludes: {}]}}]
[DEBUG]   (f) session = org.apache.maven.execution.MavenSession@3135d0d0
[DEBUG]   (f) supportMultiLineFiltering = false
[DEBUG]   (f) useBuildFilters = true
[DEBUG]   (s) useDefaultDelimiters = true
[DEBUG] -- end configuration --
[DEBUG] properties used {java.vendor=Oracle Corporation, env.SYSTEMROOT=C:\Windows, sun.java.launcher=SUN_STANDARD, sun.management.compiler=HotSpot 64-Bit Tiered Compilers, env.PROMPT=$P$G, os.name=Windows 7, env.FP_NO_HOST_CHECK=NO, sun.boot.class.path=C:\Program Files\Java\jdk1.7.0_07\jre\lib\resources.jar;C:\Program Files\Java\jdk1.7.0_07\jre\lib\rt.jar;C:\Program Files\Java\jdk1.7.0_07\jre\lib\sunrsasign.jar;C:\Program Files\Java\jdk1.7.0_07\jre\lib\jsse.jar;C:\Program Files\Java\jdk1.7.0_07\jre\lib\jce.jar;C:\Program Files\Java\jdk1.7.0_07\jre\lib\charsets.jar;C:\Program Files\Java\jdk1.7.0_07\jre\lib\jfr.jar;C:\Program Files\Java\jdk1.7.0_07\jre\classes, env.COMPUTERNAME=UNIMATRIX001, env.ALLUSERSPROFILE=C:\ProgramData, sun.desktop=windows, java.vm.specification.vendor=Oracle Corporation, java.runtime.version=1.7.0_07-b11, env.HOMEPATH=\Users\Keith, user.name=Keith, maven.build.version=Apache Maven 3.0.4 (r1232337; 2012-01-17 08:44:56+0000), env.PATH=C:\Program Files (x86)\NVIDIA Corporation\PhysX\Common;C:\Windows\system32;C:\Windows;C:\Windows\System32\Wbem;C:\Program Files\apache-maven-3.0.4\bin;C:\Windows\System32\WindowsPowerShell\v1.0\;C:\Program Files (x86)\Java\jre1.7.0_03\bin;C:\Program Files\Java\jdk1.7.0_07\bin;C:\Program Files (x86)\Heroku\bin;C:\Program Files (x86)\git\bin;C:\Program Files (x86)\git\cmd, user.language=en, env.WINDIR=C:\Windows, sun.boot.library.path=C:\Program Files\Java\jdk1.7.0_07\jre\bin, classworlds.conf=C:\Program Files\apache-maven-3.0.4\bin\..\bin\m2.conf, java.version=1.7.0_07, env.PROCESSOR_IDENTIFIER=Intel64 Family 6 Model 42 Stepping 7, GenuineIntel, user.timezone=Europe/London, env.TEMP=d:\temp, env.HEROKUPATH=C:\Program Files (x86)\Heroku, sun.arch.data.model=64, env.SSH_AGENT_PID=12272, java.endorsed.dirs=C:\Program Files\Java\jdk1.7.0_07\jre\lib\endorsed, sun.cpu.isalist=amd64, env.HOMEDRIVE=C:, sun.jnu.encoding=Cp1252, file.encoding.pkg=sun.io, env.SYSTEMDRIVE=C:, file.separator=\, java.specification.name=Java Platform API Specification, java.class.version=51.0, user.country=IE, java.home=C:\Program Files\Java\jdk1.7.0_07\jre, env.APPDATA=C:\Users\Keith\AppData\Roaming, env.PUBLIC=C:\Users\Public, java.vm.info=mixed mode, env.OS=Windows_NT, os.version=6.1, path.separator=;, java.vm.version=23.3-b01, env.USERPROFILE=C:\Users\Keith, user.variant=, env.JAVA_HOME=C:\Program Files\Java\jdk1.7.0_07, java.awt.printerjob=sun.awt.windows.WPrinterJob, env.TMP=d:\temp, env.PROGRAMFILES=C:\Program Files, sun.io.unicode.encoding=UnicodeLittle, awt.toolkit=sun.awt.windows.WToolkit, user.script=, user.home=C:\Users\Keith, env.COMMONPROGRAMFILES=C:\Program Files\Common Files, env.=EXITCODE=00000001, env.SESSIONNAME=Console, java.specification.vendor=Oracle Corporation, env.M2_HOME=C:\Program Files\apache-maven-3.0.4\bin\.., env.NUMBER_OF_PROCESSORS=8, java.library.path=C:\Program Files\Java\jdk1.7.0_07\bin;C:\Windows\Sun\Java\bin;C:\Windows\system32;C:\Windows;C:\Program Files (x86)\NVIDIA Corporation\PhysX\Common;C:\Windows\system32;C:\Windows;C:\Windows\System32\Wbem;C:\Program Files\apache-maven-3.0.4\bin;C:\Windows\System32\WindowsPowerShell\v1.0\;C:\Program Files (x86)\Java\jre1.7.0_03\bin;C:\Program Files\Java\jdk1.7.0_07\bin;C:\Program Files (x86)\Heroku\bin;C:\Program Files (x86)\git\bin;C:\Program Files (x86)\git\cmd;., java.vendor.url=http://java.oracle.com/, env.COMMONPROGRAMFILES(X86)=C:\Program Files (x86)\Common Files, env.PSMODULEPATH=C:\Windows\system32\WindowsPowerShell\v1.0\Modules\, env.CLASSWORLDS_LAUNCHER=org.codehaus.plexus.classworlds.launcher.Launcher, env.MAVEN_CMD_LINE_ARGS=package -X, java.vm.vendor=Oracle Corporation, maven.home=C:\Program Files\apache-maven-3.0.4\bin\.., java.runtime.name=Java(TM) SE Runtime Environment, sun.java.command=org.codehaus.plexus.classworlds.launcher.Launcher package -X, java.class.path=C:\Program Files\apache-maven-3.0.4\bin\..\boot\plexus-classworlds-2.4.jar, env.PROGRAMW6432=C:\Program Files, maven.version=3.0.4, env.PROGRAMFILES(X86)=C:\Program Files (x86), env.MAVEN_JAVA_EXE="C:\Program Files\Java\jdk1.7.0_07\bin\java.exe", java.vm.specification.name=Java Virtual Machine Specification, env.LOGONSERVER=\\UNIMATRIX001, java.vm.specification.version=1.7, env.PROCESSOR_ARCHITECTURE=AMD64, env.COMMONPROGRAMW6432=C:\Program Files\Common Files, sun.cpu.endian=little, sun.os.patch.level=, env.HOME=C:\Users\Keith, env.PROCESSOR_REVISION=2a07, java.io.tmpdir=d:\temp\, java.vendor.url.bug=http://bugreport.sun.com/bugreport/, env.SSH_AUTH_SOCK=/tmp/ssh-uyRRo14348/agent.14348, env.PROGRAMDATA=C:\ProgramData, env.COMSPEC=C:\Windows\system32\cmd.exe, os.arch=amd64, java.awt.graphicsenv=sun.awt.Win32GraphicsEnvironment, java.ext.dirs=C:\Program Files\Java\jdk1.7.0_07\jre\lib\ext;C:\Windows\Sun\Java\lib\ext, env.LOCALAPPDATA=C:\Users\Keith\AppData\Local, user.dir=C:\heroku, line.separator=
, env.CLASSWORLDS_JAR="C:\Program Files\apache-maven-3.0.4\bin\..\boot\plexus-classworlds-2.4.jar", java.vm.name=Java HotSpot(TM) 64-Bit Server VM, env.PATHEXT=.COM;.EXE;.BAT;.CMD;.VBS;.VBE;.JS;.JSE;.WSF;.WSH;.MSC, env.ERROR_CODE=0, env.USERNAME=Keith, file.encoding=Cp1252, env.USERDOMAIN=Unimatrix001, java.specification.version=1.7, env.=C:=C:\heroku, env.PROCESSOR_LEVEL=6}
[WARNING] Using platform encoding (Cp1252 actually) to copy filtered resources, i.e. build is platform dependent!
[DEBUG] resource with targetPath null
directory C:\heroku\src\main\resources
excludes []
includes []
[INFO] skip non existing resourceDirectory C:\heroku\src\main\resources
[DEBUG] no use filter components
[INFO] 
[INFO] --- maven-compiler-plugin:2.3.2:compile (default-compile) @ helloworld ---
[DEBUG] org.apache.maven.plugins:maven-compiler-plugin:jar:2.3.2:
[DEBUG]    org.apache.maven:maven-plugin-api:jar:2.0.6:compile
[DEBUG]    org.apache.maven:maven-artifact:jar:2.0.6:compile
[DEBUG]    org.apache.maven:maven-core:jar:2.0.6:compile
[DEBUG]       org.apache.maven:maven-settings:jar:2.0.6:compile
[DEBUG]       org.apache.maven:maven-plugin-parameter-documenter:jar:2.0.6:compile
[DEBUG]       org.apache.maven:maven-profile:jar:2.0.6:compile
[DEBUG]       org.apache.maven:maven-model:jar:2.0.6:compile
[DEBUG]       org.apache.maven:maven-repository-metadata:jar:2.0.6:compile
[DEBUG]       org.apache.maven:maven-error-diagnostics:jar:2.0.6:compile
[DEBUG]       org.apache.maven:maven-project:jar:2.0.6:compile
[DEBUG]          org.apache.maven:maven-plugin-registry:jar:2.0.6:compile
[DEBUG]       org.apache.maven:maven-plugin-descriptor:jar:2.0.6:compile
[DEBUG]       org.apache.maven:maven-artifact-manager:jar:2.0.6:compile
[DEBUG]       org.apache.maven:maven-monitor:jar:2.0.6:compile
[DEBUG]    org.apache.maven:maven-toolchain:jar:1.0:compile
[DEBUG]    org.codehaus.plexus:plexus-utils:jar:2.0.5:compile
[DEBUG]    org.codehaus.plexus:plexus-compiler-api:jar:1.8.1:compile
[DEBUG]    org.codehaus.plexus:plexus-compiler-manager:jar:1.8.1:compile
[DEBUG]    org.codehaus.plexus:plexus-compiler-javac:jar:1.8.1:runtime
[DEBUG] Created new class realm plugin>org.apache.maven.plugins:maven-compiler-plugin:2.3.2
[DEBUG] Importing foreign packages into class realm plugin>org.apache.maven.plugins:maven-compiler-plugin:2.3.2
[DEBUG]   Imported:  < maven.api
[DEBUG] Populating class realm plugin>org.apache.maven.plugins:maven-compiler-plugin:2.3.2
[DEBUG]   Included: org.apache.maven.plugins:maven-compiler-plugin:jar:2.3.2
[DEBUG]   Included: org.codehaus.plexus:plexus-utils:jar:2.0.5
[DEBUG]   Included: org.codehaus.plexus:plexus-compiler-api:jar:1.8.1
[DEBUG]   Included: org.codehaus.plexus:plexus-compiler-manager:jar:1.8.1
[DEBUG]   Included: org.codehaus.plexus:plexus-compiler-javac:jar:1.8.1
[DEBUG]   Excluded: org.apache.maven:maven-plugin-api:jar:2.0.6
[DEBUG]   Excluded: org.apache.maven:maven-artifact:jar:2.0.6
[DEBUG]   Excluded: org.apache.maven:maven-core:jar:2.0.6
[DEBUG]   Excluded: org.apache.maven:maven-settings:jar:2.0.6
[DEBUG]   Excluded: org.apache.maven:maven-plugin-parameter-documenter:jar:2.0.6
[DEBUG]   Excluded: org.apache.maven:maven-profile:jar:2.0.6
[DEBUG]   Excluded: org.apache.maven:maven-model:jar:2.0.6
[DEBUG]   Excluded: org.apache.maven:maven-repository-metadata:jar:2.0.6
[DEBUG]   Excluded: org.apache.maven:maven-error-diagnostics:jar:2.0.6
[DEBUG]   Excluded: org.apache.maven:maven-project:jar:2.0.6
[DEBUG]   Excluded: org.apache.maven:maven-plugin-registry:jar:2.0.6
[DEBUG]   Excluded: org.apache.maven:maven-plugin-descriptor:jar:2.0.6
[DEBUG]   Excluded: org.apache.maven:maven-artifact-manager:jar:2.0.6
[DEBUG]   Excluded: org.apache.maven:maven-monitor:jar:2.0.6
[DEBUG]   Excluded: org.apache.maven:maven-toolchain:jar:1.0
[DEBUG] Configuring mojo org.apache.maven.plugins:maven-compiler-plugin:2.3.2:compile from plugin realm ClassRealm[plugin>org.apache.maven.plugins:maven-compiler-plugin:2.3.2, parent: sun.misc.Launcher$AppClassLoader@c22b29a]
[DEBUG] Configuring mojo 'org.apache.maven.plugins:maven-compiler-plugin:2.3.2:compile' with basic configurator -->
[DEBUG]   (f) basedir = C:\heroku
[DEBUG]   (f) buildDirectory = C:\heroku\target
[DEBUG]   (f) classpathElements = [C:\heroku\target\classes, C:\Users\Keith\.m2\repository\org\eclipse\jetty\jetty-servlet\7.6.0.v20120127\jetty-servlet-7.6.0.v20120127.jar, C:\Users\Keith\.m2\repository\org\eclipse\jetty\jetty-security\7.6.0.v20120127\jetty-security-7.6.0.v20120127.jar, C:\Users\Keith\.m2\repository\org\eclipse\jetty\jetty-server\7.6.0.v20120127\jetty-server-7.6.0.v20120127.jar, C:\Users\Keith\.m2\repository\org\eclipse\jetty\jetty-continuation\7.6.0.v20120127\jetty-continuation-7.6.0.v20120127.jar, C:\Users\Keith\.m2\repository\org\eclipse\jetty\jetty-http\7.6.0.v20120127\jetty-http-7.6.0.v20120127.jar, C:\Users\Keith\.m2\repository\org\eclipse\jetty\jetty-io\7.6.0.v20120127\jetty-io-7.6.0.v20120127.jar, C:\Users\Keith\.m2\repository\org\eclipse\jetty\jetty-util\7.6.0.v20120127\jetty-util-7.6.0.v20120127.jar, C:\Users\Keith\.m2\repository\javax\servlet\servlet-api\2.5\servlet-api-2.5.jar]
[DEBUG]   (f) compileSourceRoots = [C:\heroku\src\main\java]
[DEBUG]   (f) compilerId = javac
[DEBUG]   (f) debug = true
[DEBUG]   (f) failOnError = true
[DEBUG]   (f) fork = false
[DEBUG]   (f) generatedSourcesDirectory = C:\heroku\target\generated-sources\annotations
[DEBUG]   (f) optimize = false
[DEBUG]   (f) outputDirectory = C:\heroku\target\classes
[DEBUG]   (f) outputFileName = helloworld-1.0-SNAPSHOT
[DEBUG]   (f) projectArtifact = com.example:helloworld:jar:1.0-SNAPSHOT
[DEBUG]   (f) session = org.apache.maven.execution.MavenSession@3135d0d0
[DEBUG]   (f) showDeprecation = false
[DEBUG]   (f) showWarnings = false
[DEBUG]   (f) source = 1.5
[DEBUG]   (f) staleMillis = 0
[DEBUG]   (f) target = 1.5
[DEBUG]   (f) verbose = false
[DEBUG] -- end configuration --
[DEBUG] Using compiler 'javac'.
[DEBUG] Source directories: [C:\heroku\src\main\java]
[DEBUG] Classpath: [C:\heroku\target\classes
 C:\Users\Keith\.m2\repository\org\eclipse\jetty\jetty-servlet\7.6.0.v20120127\jetty-servlet-7.6.0.v20120127.jar
 C:\Users\Keith\.m2\repository\org\eclipse\jetty\jetty-security\7.6.0.v20120127\jetty-security-7.6.0.v20120127.jar
 C:\Users\Keith\.m2\repository\org\eclipse\jetty\jetty-server\7.6.0.v20120127\jetty-server-7.6.0.v20120127.jar
 C:\Users\Keith\.m2\repository\org\eclipse\jetty\jetty-continuation\7.6.0.v20120127\jetty-continuation-7.6.0.v20120127.jar
 C:\Users\Keith\.m2\repository\org\eclipse\jetty\jetty-http\7.6.0.v20120127\jetty-http-7.6.0.v20120127.jar
 C:\Users\Keith\.m2\repository\org\eclipse\jetty\jetty-io\7.6.0.v20120127\jetty-io-7.6.0.v20120127.jar
 C:\Users\Keith\.m2\repository\org\eclipse\jetty\jetty-util\7.6.0.v20120127\jetty-util-7.6.0.v20120127.jar
 C:\Users\Keith\.m2\repository\javax\servlet\servlet-api\2.5\servlet-api-2.5.jar]
[DEBUG] Output directory: C:\heroku\target\classes
[DEBUG] Classpath:
[DEBUG]  C:\heroku\target\classes
[DEBUG]  C:\Users\Keith\.m2\repository\org\eclipse\jetty\jetty-servlet\7.6.0.v20120127\jetty-servlet-7.6.0.v20120127.jar
[DEBUG]  C:\Users\Keith\.m2\repository\org\eclipse\jetty\jetty-security\7.6.0.v20120127\jetty-security-7.6.0.v20120127.jar
[DEBUG]  C:\Users\Keith\.m2\repository\org\eclipse\jetty\jetty-server\7.6.0.v20120127\jetty-server-7.6.0.v20120127.jar
[DEBUG]  C:\Users\Keith\.m2\repository\org\eclipse\jetty\jetty-continuation\7.6.0.v20120127\jetty-continuation-7.6.0.v20120127.jar
[DEBUG]  C:\Users\Keith\.m2\repository\org\eclipse\jetty\jetty-http\7.6.0.v20120127\jetty-http-7.6.0.v20120127.jar
[DEBUG]  C:\Users\Keith\.m2\repository\org\eclipse\jetty\jetty-io\7.6.0.v20120127\jetty-io-7.6.0.v20120127.jar
[DEBUG]  C:\Users\Keith\.m2\repository\org\eclipse\jetty\jetty-util\7.6.0.v20120127\jetty-util-7.6.0.v20120127.jar
[DEBUG]  C:\Users\Keith\.m2\repository\javax\servlet\servlet-api\2.5\servlet-api-2.5.jar
[DEBUG] Source roots:
[DEBUG]  C:\heroku\src\main\java
[DEBUG] Command line options:
[DEBUG] -d C:\heroku\target\classes -classpath C:\heroku\target\classes;C:\Users\Keith\.m2\repository\org\eclipse\jetty\jetty-servlet\7.6.0.v20120127\jetty-servlet-7.6.0.v20120127.jar;C:\Users\Keith\.m2\repository\org\eclipse\jetty\jetty-security\7.6.0.v20120127\jetty-security-7.6.0.v20120127.jar;C:\Users\Keith\.m2\repository\org\eclipse\jetty\jetty-server\7.6.0.v20120127\jetty-server-7.6.0.v20120127.jar;C:\Users\Keith\.m2\repository\org\eclipse\jetty\jetty-continuation\7.6.0.v20120127\jetty-continuation-7.6.0.v20120127.jar;C:\Users\Keith\.m2\repository\org\eclipse\jetty\jetty-http\7.6.0.v20120127\jetty-http-7.6.0.v20120127.jar;C:\Users\Keith\.m2\repository\org\eclipse\jetty\jetty-io\7.6.0.v20120127\jetty-io-7.6.0.v20120127.jar;C:\Users\Keith\.m2\repository\org\eclipse\jetty\jetty-util\7.6.0.v20120127\jetty-util-7.6.0.v20120127.jar;C:\Users\Keith\.m2\repository\javax\servlet\servlet-api\2.5\servlet-api-2.5.jar; -sourcepath C:\heroku\src\main\java; C:\heroku\src\main\java\HelloWorld.java C:\heroku\src\main\java\Test.java -g -nowarn -target 1.5 -source 1.5
[WARNING] File encoding has not been set, using platform encoding Cp1252, i.e. build is platform dependent!
[INFO] Compiling 2 source files to C:\heroku\target\classes
[INFO] 
[INFO] --- maven-resources-plugin:2.5:testResources (default-testResources) @ helloworld ---
[DEBUG] Configuring mojo org.apache.maven.plugins:maven-resources-plugin:2.5:testResources from plugin realm ClassRealm[plugin>org.apache.maven.plugins:maven-resources-plugin:2.5, parent: sun.misc.Launcher$AppClassLoader@c22b29a]
[debug] execute contextualize
[DEBUG] Configuring mojo 'org.apache.maven.plugins:maven-resources-plugin:2.5:testResources' with basic configurator -->
[DEBUG]   (f) buildFilters = []
[DEBUG]   (f) escapeWindowsPaths = true
[DEBUG]   (s) includeEmptyDirs = false
[DEBUG]   (s) outputDirectory = C:\heroku\target\test-classes
[DEBUG]   (s) overwrite = false
[DEBUG]   (f) project = MavenProject: com.example:helloworld:1.0-SNAPSHOT @ C:\heroku\pom.xml
[DEBUG]   (s) resources = [Resource {targetPath: null, filtering: false, FileSet {directory: C:\heroku\src\test\resources, PatternSet [includes: {}, excludes: {}]}}]
[DEBUG]   (f) session = org.apache.maven.execution.MavenSession@3135d0d0
[DEBUG]   (f) supportMultiLineFiltering = false
[DEBUG]   (f) useBuildFilters = true
[DEBUG]   (s) useDefaultDelimiters = true
[DEBUG] -- end configuration --
[DEBUG] properties used {java.vendor=Oracle Corporation, env.SYSTEMROOT=C:\Windows, sun.java.launcher=SUN_STANDARD, sun.management.compiler=HotSpot 64-Bit Tiered Compilers, env.PROMPT=$P$G, os.name=Windows 7, env.FP_NO_HOST_CHECK=NO, sun.boot.class.path=C:\Program Files\Java\jdk1.7.0_07\jre\lib\resources.jar;C:\Program Files\Java\jdk1.7.0_07\jre\lib\rt.jar;C:\Program Files\Java\jdk1.7.0_07\jre\lib\sunrsasign.jar;C:\Program Files\Java\jdk1.7.0_07\jre\lib\jsse.jar;C:\Program Files\Java\jdk1.7.0_07\jre\lib\jce.jar;C:\Program Files\Java\jdk1.7.0_07\jre\lib\charsets.jar;C:\Program Files\Java\jdk1.7.0_07\jre\lib\jfr.jar;C:\Program Files\Java\jdk1.7.0_07\jre\classes, env.COMPUTERNAME=UNIMATRIX001, env.ALLUSERSPROFILE=C:\ProgramData, sun.desktop=windows, java.vm.specification.vendor=Oracle Corporation, java.runtime.version=1.7.0_07-b11, env.HOMEPATH=\Users\Keith, user.name=Keith, maven.build.version=Apache Maven 3.0.4 (r1232337; 2012-01-17 08:44:56+0000), env.PATH=C:\Program Files (x86)\NVIDIA Corporation\PhysX\Common;C:\Windows\system32;C:\Windows;C:\Windows\System32\Wbem;C:\Program Files\apache-maven-3.0.4\bin;C:\Windows\System32\WindowsPowerShell\v1.0\;C:\Program Files (x86)\Java\jre1.7.0_03\bin;C:\Program Files\Java\jdk1.7.0_07\bin;C:\Program Files (x86)\Heroku\bin;C:\Program Files (x86)\git\bin;C:\Program Files (x86)\git\cmd, user.language=en, env.WINDIR=C:\Windows, sun.boot.library.path=C:\Program Files\Java\jdk1.7.0_07\jre\bin, classworlds.conf=C:\Program Files\apache-maven-3.0.4\bin\..\bin\m2.conf, java.version=1.7.0_07, env.PROCESSOR_IDENTIFIER=Intel64 Family 6 Model 42 Stepping 7, GenuineIntel, user.timezone=Europe/London, env.TEMP=d:\temp, env.HEROKUPATH=C:\Program Files (x86)\Heroku, sun.arch.data.model=64, env.SSH_AGENT_PID=12272, java.endorsed.dirs=C:\Program Files\Java\jdk1.7.0_07\jre\lib\endorsed, sun.cpu.isalist=amd64, env.HOMEDRIVE=C:, sun.jnu.encoding=Cp1252, file.encoding.pkg=sun.io, env.SYSTEMDRIVE=C:, file.separator=\, java.specification.name=Java Platform API Specification, java.class.version=51.0, user.country=IE, java.home=C:\Program Files\Java\jdk1.7.0_07\jre, env.APPDATA=C:\Users\Keith\AppData\Roaming, env.PUBLIC=C:\Users\Public, java.vm.info=mixed mode, env.OS=Windows_NT, os.version=6.1, path.separator=;, java.vm.version=23.3-b01, env.USERPROFILE=C:\Users\Keith, user.variant=, env.JAVA_HOME=C:\Program Files\Java\jdk1.7.0_07, java.awt.printerjob=sun.awt.windows.WPrinterJob, env.TMP=d:\temp, env.PROGRAMFILES=C:\Program Files, sun.io.unicode.encoding=UnicodeLittle, awt.toolkit=sun.awt.windows.WToolkit, user.script=, user.home=C:\Users\Keith, env.COMMONPROGRAMFILES=C:\Program Files\Common Files, env.=EXITCODE=00000001, env.SESSIONNAME=Console, java.specification.vendor=Oracle Corporation, env.M2_HOME=C:\Program Files\apache-maven-3.0.4\bin\.., env.NUMBER_OF_PROCESSORS=8, java.library.path=C:\Program Files\Java\jdk1.7.0_07\bin;C:\Windows\Sun\Java\bin;C:\Windows\system32;C:\Windows;C:\Program Files (x86)\NVIDIA Corporation\PhysX\Common;C:\Windows\system32;C:\Windows;C:\Windows\System32\Wbem;C:\Program Files\apache-maven-3.0.4\bin;C:\Windows\System32\WindowsPowerShell\v1.0\;C:\Program Files (x86)\Java\jre1.7.0_03\bin;C:\Program Files\Java\jdk1.7.0_07\bin;C:\Program Files (x86)\Heroku\bin;C:\Program Files (x86)\git\bin;C:\Program Files (x86)\git\cmd;., java.vendor.url=http://java.oracle.com/, env.COMMONPROGRAMFILES(X86)=C:\Program Files (x86)\Common Files, env.PSMODULEPATH=C:\Windows\system32\WindowsPowerShell\v1.0\Modules\, env.CLASSWORLDS_LAUNCHER=org.codehaus.plexus.classworlds.launcher.Launcher, env.MAVEN_CMD_LINE_ARGS=package -X, java.vm.vendor=Oracle Corporation, maven.home=C:\Program Files\apache-maven-3.0.4\bin\.., java.runtime.name=Java(TM) SE Runtime Environment, sun.java.command=org.codehaus.plexus.classworlds.launcher.Launcher package -X, java.class.path=C:\Program Files\apache-maven-3.0.4\bin\..\boot\plexus-classworlds-2.4.jar, env.PROGRAMW6432=C:\Program Files, maven.version=3.0.4, env.PROGRAMFILES(X86)=C:\Program Files (x86), env.MAVEN_JAVA_EXE="C:\Program Files\Java\jdk1.7.0_07\bin\java.exe", java.vm.specification.name=Java Virtual Machine Specification, env.LOGONSERVER=\\UNIMATRIX001, java.vm.specification.version=1.7, env.PROCESSOR_ARCHITECTURE=AMD64, env.COMMONPROGRAMW6432=C:\Program Files\Common Files, sun.cpu.endian=little, sun.os.patch.level=, env.HOME=C:\Users\Keith, env.PROCESSOR_REVISION=2a07, java.io.tmpdir=d:\temp\, java.vendor.url.bug=http://bugreport.sun.com/bugreport/, env.SSH_AUTH_SOCK=/tmp/ssh-uyRRo14348/agent.14348, env.PROGRAMDATA=C:\ProgramData, env.COMSPEC=C:\Windows\system32\cmd.exe, os.arch=amd64, java.awt.graphicsenv=sun.awt.Win32GraphicsEnvironment, java.ext.dirs=C:\Program Files\Java\jdk1.7.0_07\jre\lib\ext;C:\Windows\Sun\Java\lib\ext, env.LOCALAPPDATA=C:\Users\Keith\AppData\Local, user.dir=C:\heroku, line.separator=
, env.CLASSWORLDS_JAR="C:\Program Files\apache-maven-3.0.4\bin\..\boot\plexus-classworlds-2.4.jar", java.vm.name=Java HotSpot(TM) 64-Bit Server VM, env.PATHEXT=.COM;.EXE;.BAT;.CMD;.VBS;.VBE;.JS;.JSE;.WSF;.WSH;.MSC, env.ERROR_CODE=0, env.USERNAME=Keith, file.encoding=Cp1252, env.USERDOMAIN=Unimatrix001, java.specification.version=1.7, env.=C:=C:\heroku, env.PROCESSOR_LEVEL=6}
[WARNING] Using platform encoding (Cp1252 actually) to copy filtered resources, i.e. build is platform dependent!
[DEBUG] resource with targetPath null
directory C:\heroku\src\test\resources
excludes []
includes []
[INFO] skip non existing resourceDirectory C:\heroku\src\test\resources
[DEBUG] no use filter components
[INFO] 
[INFO] --- maven-compiler-plugin:2.3.2:testCompile (default-testCompile) @ helloworld ---
[DEBUG] Configuring mojo org.apache.maven.plugins:maven-compiler-plugin:2.3.2:testCompile from plugin realm ClassRealm[plugin>org.apache.maven.plugins:maven-compiler-plugin:2.3.2, parent: sun.misc.Launcher$AppClassLoader@c22b29a]
[DEBUG] Configuring mojo 'org.apache.maven.plugins:maven-compiler-plugin:2.3.2:testCompile' with basic configurator -->
[DEBUG]   (f) basedir = C:\heroku
[DEBUG]   (f) buildDirectory = C:\heroku\target
[DEBUG]   (f) classpathElements = [C:\heroku\target\test-classes, C:\heroku\target\classes, C:\Users\Keith\.m2\repository\org\eclipse\jetty\jetty-servlet\7.6.0.v20120127\jetty-servlet-7.6.0.v20120127.jar, C:\Users\Keith\.m2\repository\org\eclipse\jetty\jetty-security\7.6.0.v20120127\jetty-security-7.6.0.v20120127.jar, C:\Users\Keith\.m2\repository\org\eclipse\jetty\jetty-server\7.6.0.v20120127\jetty-server-7.6.0.v20120127.jar, C:\Users\Keith\.m2\repository\org\eclipse\jetty\jetty-continuation\7.6.0.v20120127\jetty-continuation-7.6.0.v20120127.jar, C:\Users\Keith\.m2\repository\org\eclipse\jetty\jetty-http\7.6.0.v20120127\jetty-http-7.6.0.v20120127.jar, C:\Users\Keith\.m2\repository\org\eclipse\jetty\jetty-io\7.6.0.v20120127\jetty-io-7.6.0.v20120127.jar, C:\Users\Keith\.m2\repository\org\eclipse\jetty\jetty-util\7.6.0.v20120127\jetty-util-7.6.0.v20120127.jar, C:\Users\Keith\.m2\repository\javax\servlet\servlet-api\2.5\servlet-api-2.5.jar]
[DEBUG]   (f) compileSourceRoots = [C:\heroku\src\test\java]
[DEBUG]   (f) compilerId = javac
[DEBUG]   (f) debug = true
[DEBUG]   (f) failOnError = true
[DEBUG]   (f) fork = false
[DEBUG]   (f) generatedTestSourcesDirectory = C:\heroku\target\generated-sources\test-annotations
[DEBUG]   (f) optimize = false
[DEBUG]   (f) outputDirectory = C:\heroku\target\test-classes
[DEBUG]   (f) outputFileName = helloworld-1.0-SNAPSHOT
[DEBUG]   (f) session = org.apache.maven.execution.MavenSession@3135d0d0
[DEBUG]   (f) showDeprecation = false
[DEBUG]   (f) showWarnings = false
[DEBUG]   (f) source = 1.5
[DEBUG]   (f) staleMillis = 0
[DEBUG]   (f) target = 1.5
[DEBUG]   (f) verbose = false
[DEBUG] -- end configuration --
[DEBUG] Using compiler 'javac'.
[INFO] No sources to compile
[INFO] 
[INFO] --- maven-surefire-plugin:2.10:test (default-test) @ helloworld ---
[DEBUG] org.apache.maven.plugins:maven-surefire-plugin:jar:2.10:
[DEBUG]    org.apache.maven:maven-plugin-api:jar:2.0.9:compile
[DEBUG]    org.apache.maven.surefire:surefire-booter:jar:2.10:compile
[DEBUG]       org.apache.maven.surefire:surefire-api:jar:2.10:compile
[DEBUG]    org.apache.maven.surefire:maven-surefire-common:jar:2.10:compile
[DEBUG]       org.apache.maven.shared:maven-common-artifact-filters:jar:1.3:compile
[DEBUG]    org.codehaus.plexus:plexus-utils:jar:2.1:compile
[DEBUG]    org.apache.maven:maven-artifact:jar:2.0.9:compile
[DEBUG]    org.apache.maven:maven-project:jar:2.0.9:compile
[DEBUG]       org.apache.maven:maven-settings:jar:2.0.9:compile
[DEBUG]       org.apache.maven:maven-profile:jar:2.0.9:compile
[DEBUG]       org.apache.maven:maven-model:jar:2.0.9:compile
[DEBUG]       org.apache.maven:maven-artifact-manager:jar:2.0.9:compile
[DEBUG]       org.apache.maven:maven-plugin-registry:jar:2.0.9:compile
[DEBUG]       org.codehaus.plexus:plexus-container-default:jar:1.0-alpha-9-stable-1:compile
[DEBUG]          junit:junit:jar:3.8.1:test (scope managed from compile)
[DEBUG]    org.apache.maven:maven-core:jar:2.0.9:compile
[DEBUG]       org.apache.maven:maven-plugin-parameter-documenter:jar:2.0.9:compile
[DEBUG]       org.apache.maven.reporting:maven-reporting-api:jar:2.0.9:compile
[DEBUG]       org.apache.maven:maven-repository-metadata:jar:2.0.9:compile
[DEBUG]       org.apache.maven:maven-error-diagnostics:jar:2.0.9:compile
[DEBUG]       org.apache.maven:maven-plugin-descriptor:jar:2.0.9:compile
[DEBUG]       org.apache.maven:maven-monitor:jar:2.0.9:compile
[DEBUG]       classworlds:classworlds:jar:1.1:compile
[DEBUG]    org.apache.maven:maven-toolchain:jar:2.0.9:compile
[DEBUG] Created new class realm plugin>org.apache.maven.plugins:maven-surefire-plugin:2.10
[DEBUG] Importing foreign packages into class realm plugin>org.apache.maven.plugins:maven-surefire-plugin:2.10
[DEBUG]   Imported:  < maven.api
[DEBUG] Populating class realm plugin>org.apache.maven.plugins:maven-surefire-plugin:2.10
[DEBUG]   Included: org.apache.maven.plugins:maven-surefire-plugin:jar:2.10
[DEBUG]   Included: org.apache.maven.surefire:surefire-booter:jar:2.10
[DEBUG]   Included: org.apache.maven.surefire:surefire-api:jar:2.10
[DEBUG]   Included: org.apache.maven.surefire:maven-surefire-common:jar:2.10
[DEBUG]   Included: org.apache.maven.shared:maven-common-artifact-filters:jar:1.3
[DEBUG]   Included: org.codehaus.plexus:plexus-utils:jar:2.1
[DEBUG]   Included: org.apache.maven.reporting:maven-reporting-api:jar:2.0.9
[DEBUG]   Excluded: org.apache.maven:maven-plugin-api:jar:2.0.9
[DEBUG]   Excluded: org.apache.maven:maven-artifact:jar:2.0.9
[DEBUG]   Excluded: org.apache.maven:maven-project:jar:2.0.9
[DEBUG]   Excluded: org.apache.maven:maven-settings:jar:2.0.9
[DEBUG]   Excluded: org.apache.maven:maven-profile:jar:2.0.9
[DEBUG]   Excluded: org.apache.maven:maven-model:jar:2.0.9
[DEBUG]   Excluded: org.apache.maven:maven-artifact-manager:jar:2.0.9
[DEBUG]   Excluded: org.apache.maven:maven-plugin-registry:jar:2.0.9
[DEBUG]   Excluded: org.codehaus.plexus:plexus-container-default:jar:1.0-alpha-9-stable-1
[DEBUG]   Excluded: junit:junit:jar:3.8.1
[DEBUG]   Excluded: org.apache.maven:maven-core:jar:2.0.9
[DEBUG]   Excluded: org.apache.maven:maven-plugin-parameter-documenter:jar:2.0.9
[DEBUG]   Excluded: org.apache.maven:maven-repository-metadata:jar:2.0.9
[DEBUG]   Excluded: org.apache.maven:maven-error-diagnostics:jar:2.0.9
[DEBUG]   Excluded: org.apache.maven:maven-plugin-descriptor:jar:2.0.9
[DEBUG]   Excluded: org.apache.maven:maven-monitor:jar:2.0.9
[DEBUG]   Excluded: classworlds:classworlds:jar:1.1
[DEBUG]   Excluded: org.apache.maven:maven-toolchain:jar:2.0.9
[DEBUG] Configuring mojo org.apache.maven.plugins:maven-surefire-plugin:2.10:test from plugin realm ClassRealm[plugin>org.apache.maven.plugins:maven-surefire-plugin:2.10, parent: sun.misc.Launcher$AppClassLoader@c22b29a]
[DEBUG] Configuring mojo 'org.apache.maven.plugins:maven-surefire-plugin:2.10:test' with basic configurator -->
[DEBUG]   (s) basedir = C:\heroku
[DEBUG]   (s) childDelegation = false
[DEBUG]   (s) classesDirectory = C:\heroku\target\classes
[DEBUG]   (s) disableXmlReport = false
[DEBUG]   (s) enableAssertions = true
[DEBUG]   (s) forkMode = once
[DEBUG]   (s) junitArtifactName = junit:junit
[DEBUG]   (s) localRepository =        id: local
      url: file:///C:/Users/Keith/.m2/repository/
   layout: none

[DEBUG]   (f) parallelMavenExecution = false
[DEBUG]   (s) perCoreThreadCount = true
[DEBUG]   (s) pluginArtifactMap = {org.apache.maven.plugins:maven-surefire-plugin=org.apache.maven.plugins:maven-surefire-plugin:maven-plugin:2.10:, org.apache.maven.surefire:surefire-booter=org.apache.maven.surefire:surefire-booter:jar:2.10:compile, org.apache.maven.surefire:surefire-api=org.apache.maven.surefire:surefire-api:jar:2.10:compile, org.apache.maven.surefire:maven-surefire-common=org.apache.maven.surefire:maven-surefire-common:jar:2.10:compile, org.apache.maven.shared:maven-common-artifact-filters=org.apache.maven.shared:maven-common-artifact-filters:jar:1.3:compile, org.codehaus.plexus:plexus-utils=org.codehaus.plexus:plexus-utils:jar:2.1:compile, org.apache.maven.reporting:maven-reporting-api=org.apache.maven.reporting:maven-reporting-api:jar:2.0.9:compile}
[DEBUG]   (s) printSummary = true
[DEBUG]   (s) project = MavenProject: com.example:helloworld:1.0-SNAPSHOT @ C:\heroku\pom.xml
[DEBUG]   (s) projectArtifactMap = {org.eclipse.jetty:jetty-servlet=org.eclipse.jetty:jetty-servlet:jar:7.6.0.v20120127:compile, org.eclipse.jetty:jetty-security=org.eclipse.jetty:jetty-security:jar:7.6.0.v20120127:compile, org.eclipse.jetty:jetty-server=org.eclipse.jetty:jetty-server:jar:7.6.0.v20120127:compile, org.eclipse.jetty:jetty-continuation=org.eclipse.jetty:jetty-continuation:jar:7.6.0.v20120127:compile, org.eclipse.jetty:jetty-http=org.eclipse.jetty:jetty-http:jar:7.6.0.v20120127:compile, org.eclipse.jetty:jetty-io=org.eclipse.jetty:jetty-io:jar:7.6.0.v20120127:compile, org.eclipse.jetty:jetty-util=org.eclipse.jetty:jetty-util:jar:7.6.0.v20120127:compile, javax.servlet:servlet-api=javax.servlet:servlet-api:jar:2.5:compile}
[DEBUG]   (s) redirectTestOutputToFile = false
[DEBUG]   (s) remoteRepositories = [       id: central
      url: http://repo.maven.apache.org/maven2
   layout: default
snapshots: [enabled => false, update => daily]
 releases: [enabled => true, update => never]
]
[DEBUG]   (s) reportFormat = brief
[DEBUG]   (s) reportsDirectory = C:\heroku\target\surefire-reports
[DEBUG]   (s) runOrder = filesystem
[DEBUG]   (s) session = org.apache.maven.execution.MavenSession@3135d0d0
[DEBUG]   (s) skip = false
[DEBUG]   (s) skipTests = false
[DEBUG]   (s) testClassesDirectory = C:\heroku\target\test-classes
[DEBUG]   (s) testFailureIgnore = false
[DEBUG]   (s) testNGArtifactName = org.testng:testng
[DEBUG]   (s) testSourceDirectory = C:\heroku\src\test\java
[DEBUG]   (s) trimStackTrace = true
[DEBUG]   (s) useFile = true
[DEBUG]   (s) useManifestOnlyJar = true
[DEBUG]   (s) useSystemClassLoader = true
[DEBUG]   (s) useUnlimitedThreads = false
[DEBUG]   (s) workingDirectory = C:\heroku
[DEBUG] -- end configuration --
[INFO] No tests to run.
[INFO] Surefire report directory: C:\heroku\target\surefire-reports
[DEBUG] dummy:dummy:jar:1.0 (selected for null)
[DEBUG]   org.apache.maven.surefire:surefire-booter:jar:2.10:compile (selected for compile)
[DEBUG]     org.apache.maven.surefire:surefire-api:jar:2.10:compile (selected for compile)
[DEBUG] Adding to surefire booter test classpath: C:\Users\Keith\.m2\repository\org\apache\maven\surefire\surefire-booter\2.10\surefire-booter-2.10.jar Scope: compile
[DEBUG] Adding to surefire booter test classpath: C:\Users\Keith\.m2\repository\org\apache\maven\surefire\surefire-api\2.10\surefire-api-2.10.jar Scope: compile
[DEBUG] Setting system property [user.dir]=[C:\heroku]
[DEBUG] Setting system property [localRepository]=[C:\Users\Keith\.m2\repository]
[DEBUG] Setting system property [basedir]=[C:\heroku]
[DEBUG] Using JVM: C:\Program Files\Java\jdk1.7.0_07\jre\bin\java
[DEBUG] dummy:dummy:jar:1.0 (selected for null)
[DEBUG]   org.apache.maven.surefire:surefire-junit3:jar:2.10:test (selected for test)
[DEBUG]     org.apache.maven.surefire:surefire-api:jar:2.10:test (selected for test)
[DEBUG] Adding to surefire test classpath: C:\Users\Keith\.m2\repository\org\apache\maven\surefire\surefire-junit3\2.10\surefire-junit3-2.10.jar Scope: test
[DEBUG] Adding to surefire test classpath: C:\Users\Keith\.m2\repository\org\apache\maven\surefire\surefire-api\2.10\surefire-api-2.10.jar Scope: test
[DEBUG] test classpath classpath:
[DEBUG]   C:\heroku\target\test-classes
[DEBUG]   C:\heroku\target\classes
[DEBUG]   C:\Users\Keith\.m2\repository\org\eclipse\jetty\jetty-servlet\7.6.0.v20120127\jetty-servlet-7.6.0.v20120127.jar
[DEBUG]   C:\Users\Keith\.m2\repository\org\eclipse\jetty\jetty-security\7.6.0.v20120127\jetty-security-7.6.0.v20120127.jar
[DEBUG]   C:\Users\Keith\.m2\repository\org\eclipse\jetty\jetty-server\7.6.0.v20120127\jetty-server-7.6.0.v20120127.jar
[DEBUG]   C:\Users\Keith\.m2\repository\org\eclipse\jetty\jetty-continuation\7.6.0.v20120127\jetty-continuation-7.6.0.v20120127.jar
[DEBUG]   C:\Users\Keith\.m2\repository\org\eclipse\jetty\jetty-http\7.6.0.v20120127\jetty-http-7.6.0.v20120127.jar
[DEBUG]   C:\Users\Keith\.m2\repository\org\eclipse\jetty\jetty-io\7.6.0.v20120127\jetty-io-7.6.0.v20120127.jar
[DEBUG]   C:\Users\Keith\.m2\repository\org\eclipse\jetty\jetty-util\7.6.0.v20120127\jetty-util-7.6.0.v20120127.jar
[DEBUG]   C:\Users\Keith\.m2\repository\javax\servlet\servlet-api\2.5\servlet-api-2.5.jar
[DEBUG] provider classpath classpath:
[DEBUG]   C:\Users\Keith\.m2\repository\org\apache\maven\surefire\surefire-junit3\2.10\surefire-junit3-2.10.jar
[DEBUG]   C:\Users\Keith\.m2\repository\org\apache\maven\surefire\surefire-api\2.10\surefire-api-2.10.jar

-------------------------------------------------------
 T E S T S
-------------------------------------------------------
Forking command line: cmd.exe /X /C ""C:\Program Files\Java\jdk1.7.0_07\jre\bin\java" -jar C:\heroku\target\surefire\surefirebooter8643979736818702411.jar C:\heroku\target\surefire\surefire5359947092264126479tmp C:\heroku\target\surefire\surefire1810076166666258242tmp"

Results :

Tests run: 0, Failures: 0, Errors: 0, Skipped: 0

[INFO] 
[INFO] --- maven-jar-plugin:2.3.2:jar (default-jar) @ helloworld ---
[DEBUG] org.apache.maven.plugins:maven-jar-plugin:jar:2.3.2:
[DEBUG]    org.apache.maven:maven-plugin-api:jar:2.0.6:compile
[DEBUG]    org.apache.maven:maven-project:jar:2.0.6:compile
[DEBUG]       org.apache.maven:maven-settings:jar:2.0.6:compile
[DEBUG]       org.apache.maven:maven-profile:jar:2.0.6:compile
[DEBUG]       org.apache.maven:maven-artifact-manager:jar:2.0.6:compile
[DEBUG]          org.apache.maven:maven-repository-metadata:jar:2.0.6:compile
[DEBUG]       org.apache.maven:maven-plugin-registry:jar:2.0.6:compile
[DEBUG]       org.codehaus.plexus:plexus-container-default:jar:1.0-alpha-9-stable-1:compile
[DEBUG]          junit:junit:jar:3.8.1:compile
[DEBUG]          classworlds:classworlds:jar:1.1-alpha-2:compile
[DEBUG]    org.apache.maven:maven-model:jar:2.0.6:runtime
[DEBUG]    org.apache.maven:maven-artifact:jar:2.0.6:compile
[DEBUG]    org.apache.maven:maven-archiver:jar:2.4.2:compile
[DEBUG]       org.codehaus.plexus:plexus-interpolation:jar:1.13:compile
[DEBUG]    org.codehaus.plexus:plexus-archiver:jar:2.0.1:compile
[DEBUG]       org.codehaus.plexus:plexus-io:jar:2.0.1:compile
[DEBUG]    commons-lang:commons-lang:jar:2.1:compile
[DEBUG]    org.codehaus.plexus:plexus-utils:jar:3.0:compile
[DEBUG] Created new class realm plugin>org.apache.maven.plugins:maven-jar-plugin:2.3.2
[DEBUG] Importing foreign packages into class realm plugin>org.apache.maven.plugins:maven-jar-plugin:2.3.2
[DEBUG]   Imported:  < maven.api
[DEBUG] Populating class realm plugin>org.apache.maven.plugins:maven-jar-plugin:2.3.2
[DEBUG]   Included: org.apache.maven.plugins:maven-jar-plugin:jar:2.3.2
[DEBUG]   Included: junit:junit:jar:3.8.1
[DEBUG]   Included: org.apache.maven:maven-archiver:jar:2.4.2
[DEBUG]   Included: org.codehaus.plexus:plexus-interpolation:jar:1.13
[DEBUG]   Included: org.codehaus.plexus:plexus-archiver:jar:2.0.1
[DEBUG]   Included: org.codehaus.plexus:plexus-io:jar:2.0.1
[DEBUG]   Included: commons-lang:commons-lang:jar:2.1
[DEBUG]   Included: org.codehaus.plexus:plexus-utils:jar:3.0
[DEBUG]   Excluded: org.apache.maven:maven-plugin-api:jar:2.0.6
[DEBUG]   Excluded: org.apache.maven:maven-project:jar:2.0.6
[DEBUG]   Excluded: org.apache.maven:maven-settings:jar:2.0.6
[DEBUG]   Excluded: org.apache.maven:maven-profile:jar:2.0.6
[DEBUG]   Excluded: org.apache.maven:maven-artifact-manager:jar:2.0.6
[DEBUG]   Excluded: org.apache.maven:maven-repository-metadata:jar:2.0.6
[DEBUG]   Excluded: org.apache.maven:maven-plugin-registry:jar:2.0.6
[DEBUG]   Excluded: org.codehaus.plexus:plexus-container-default:jar:1.0-alpha-9-stable-1
[DEBUG]   Excluded: classworlds:classworlds:jar:1.1-alpha-2
[DEBUG]   Excluded: org.apache.maven:maven-model:jar:2.0.6
[DEBUG]   Excluded: org.apache.maven:maven-artifact:jar:2.0.6
[DEBUG] Configuring mojo org.apache.maven.plugins:maven-jar-plugin:2.3.2:jar from plugin realm ClassRealm[plugin>org.apache.maven.plugins:maven-jar-plugin:2.3.2, parent: sun.misc.Launcher$AppClassLoader@c22b29a]
[DEBUG] Configuring mojo 'org.apache.maven.plugins:maven-jar-plugin:2.3.2:jar' with basic configurator -->
[DEBUG]   (f) classesDirectory = C:\heroku\target\classes
[DEBUG]   (f) defaultManifestFile = C:\heroku\target\classes\META-INF\MANIFEST.MF
[DEBUG]   (f) finalName = helloworld-1.0-SNAPSHOT
[DEBUG]   (f) forceCreation = false
[DEBUG]   (f) outputDirectory = C:\heroku\target
[DEBUG]   (f) project = MavenProject: com.example:helloworld:1.0-SNAPSHOT @ C:\heroku\pom.xml
[DEBUG]   (f) useDefaultManifestFile = false
[DEBUG] -- end configuration --
[DEBUG] isUp2date: false (Resource with newer modification date found.)
[INFO] Building jar: C:\heroku\target\helloworld-1.0-SNAPSHOT.jar
[DEBUG] adding directory META-INF/
[DEBUG] adding entry META-INF/MANIFEST.MF
[DEBUG] adding directory com/
[DEBUG] adding directory com/train/
[DEBUG] adding directory com/train/keith/
[DEBUG] adding directory com/train/keith/rhc/
[DEBUG] adding directory com/train/keith/rhc/server/
[DEBUG] adding entry com/train/keith/rhc/server/HelloWorld.class
[DEBUG] adding entry HelloWorld.class
[DEBUG] adding entry Test.class
[DEBUG] adding directory META-INF/maven/
[DEBUG] adding directory META-INF/maven/com.example/
[DEBUG] adding directory META-INF/maven/com.example/helloworld/
[DEBUG] adding entry META-INF/maven/com.example/helloworld/pom.xml
[DEBUG] adding entry META-INF/maven/com.example/helloworld/pom.properties
[INFO] 
[INFO] --- maven-dependency-plugin:2.4:copy-dependencies (copy-dependencies) @ helloworld ---
[DEBUG] org.apache.maven.plugins:maven-dependency-plugin:jar:2.4:
[DEBUG]    org.apache.maven:maven-artifact:jar:2.0.9:compile
[DEBUG]    org.apache.maven:maven-plugin-api:jar:2.0.9:compile
[DEBUG]    org.apache.maven:maven-project:jar:2.0.9:compile
[DEBUG]       org.apache.maven:maven-settings:jar:2.0.9:compile
[DEBUG]       org.apache.maven:maven-profile:jar:2.0.9:compile
[DEBUG]       org.apache.maven:maven-plugin-registry:jar:2.0.9:compile
[DEBUG]    org.apache.maven:maven-model:jar:2.0.9:compile
[DEBUG]    org.apache.maven:maven-core:jar:2.0.9:compile
[DEBUG]       org.apache.maven:maven-plugin-parameter-documenter:jar:2.0.9:compile
[DEBUG]       org.apache.maven:maven-error-diagnostics:jar:2.0.9:compile
[DEBUG]       commons-cli:commons-cli:jar:1.0:compile
[DEBUG]       org.apache.maven:maven-plugin-descriptor:jar:2.0.9:compile
[DEBUG]       org.codehaus.plexus:plexus-interactivity-api:jar:1.0-alpha-4:compile
[DEBUG]       org.apache.maven:maven-monitor:jar:2.0.9:compile
[DEBUG]    org.apache.maven:maven-artifact-manager:jar:2.0.9:compile
[DEBUG]    org.apache.maven:maven-repository-metadata:jar:2.0.9:compile
[DEBUG]    org.apache.maven.reporting:maven-reporting-api:jar:3.0:compile
[DEBUG]    org.apache.maven.reporting:maven-reporting-impl:jar:2.0.5:compile
[DEBUG]       org.apache.maven.doxia:doxia-core:jar:1.0:compile
[DEBUG]       org.apache.maven.shared:maven-doxia-tools:jar:1.0.2:compile
[DEBUG]          commons-io:commons-io:jar:1.4:compile
[DEBUG]       commons-validator:commons-validator:jar:1.2.0:compile
[DEBUG]          commons-beanutils:commons-beanutils:jar:1.7.0:compile
[DEBUG]          commons-digester:commons-digester:jar:1.6:compile
[DEBUG]          commons-logging:commons-logging:jar:1.0.4:compile
[DEBUG]          oro:oro:jar:2.0.8:compile
[DEBUG]          xml-apis:xml-apis:jar:1.0.b2:compile
[DEBUG]    org.apache.maven.doxia:doxia-sink-api:jar:1.0:compile
[DEBUG]    org.apache.maven.doxia:doxia-site-renderer:jar:1.0:compile
[DEBUG]       org.codehaus.plexus:plexus-i18n:jar:1.0-beta-7:compile
[DEBUG]       org.codehaus.plexus:plexus-velocity:jar:1.1.7:compile
[DEBUG]       org.apache.velocity:velocity:jar:1.5:compile
[DEBUG]       org.apache.maven.doxia:doxia-decoration-model:jar:1.0:compile
[DEBUG]       org.apache.maven.doxia:doxia-module-apt:jar:1.0:compile
[DEBUG]       org.apache.maven.doxia:doxia-module-fml:jar:1.0:compile
[DEBUG]       org.apache.maven.doxia:doxia-module-xdoc:jar:1.0:compile
[DEBUG]       org.apache.maven.doxia:doxia-module-xhtml:jar:1.0:compile
[DEBUG]    org.codehaus.plexus:plexus-archiver:jar:2.0:compile
[DEBUG]    org.codehaus.plexus:plexus-utils:jar:3.0:compile
[DEBUG]    org.apache.maven.shared:file-management:jar:1.2.1:compile
[DEBUG]       org.apache.maven.shared:maven-shared-io:jar:1.1:compile
[DEBUG]          org.apache.maven.wagon:wagon-provider-api:jar:1.0-alpha-6:compile
[DEBUG]    org.codehaus.plexus:plexus-container-default:jar:1.0-alpha-9-stable-1:compile
[DEBUG]       junit:junit:jar:3.8.1:compile
[DEBUG]    org.codehaus.plexus:plexus-io:jar:2.0.1:compile
[DEBUG]    org.apache.maven.shared:maven-dependency-analyzer:jar:1.2:compile
[DEBUG]       asm:asm:jar:3.0:compile
[DEBUG]    org.apache.maven.shared:maven-dependency-tree:jar:1.2:compile
[DEBUG]    org.apache.maven.shared:maven-common-artifact-filters:jar:1.2:compile
[DEBUG]       org.apache.maven.shared:maven-plugin-testing-harness:jar:1.1:compile
[DEBUG]    org.apache.maven.shared:maven-invoker:jar:2.0.11:compile
[DEBUG]    commons-lang:commons-lang:jar:2.6:compile
[DEBUG]    commons-collections:commons-collections:jar:3.2.1:compile
[DEBUG]    classworlds:classworlds:jar:1.1:compile
[DEBUG] Created new class realm plugin>org.apache.maven.plugins:maven-dependency-plugin:2.4
[DEBUG] Importing foreign packages into class realm plugin>org.apache.maven.plugins:maven-dependency-plugin:2.4
[DEBUG]   Imported:  < maven.api
[DEBUG] Populating class realm plugin>org.apache.maven.plugins:maven-dependency-plugin:2.4
[DEBUG]   Included: org.apache.maven.plugins:maven-dependency-plugin:jar:2.4
[DEBUG]   Included: commons-cli:commons-cli:jar:1.0
[DEBUG]   Included: org.codehaus.plexus:plexus-interactivity-api:jar:1.0-alpha-4
[DEBUG]   Included: org.apache.maven.reporting:maven-reporting-api:jar:3.0
[DEBUG]   Included: org.apache.maven.reporting:maven-reporting-impl:jar:2.0.5
[DEBUG]   Included: org.apache.maven.doxia:doxia-core:jar:1.0
[DEBUG]   Included: org.apache.maven.shared:maven-doxia-tools:jar:1.0.2
[DEBUG]   Included: commons-io:commons-io:jar:1.4
[DEBUG]   Included: commons-validator:commons-validator:jar:1.2.0
[DEBUG]   Included: commons-beanutils:commons-beanutils:jar:1.7.0
[DEBUG]   Included: commons-digester:commons-digester:jar:1.6
[DEBUG]   Included: commons-logging:commons-logging:jar:1.0.4
[DEBUG]   Included: oro:oro:jar:2.0.8
[DEBUG]   Included: xml-apis:xml-apis:jar:1.0.b2
[DEBUG]   Included: org.apache.maven.doxia:doxia-sink-api:jar:1.0
[DEBUG]   Included: org.apache.maven.doxia:doxia-site-renderer:jar:1.0
[DEBUG]   Included: org.codehaus.plexus:plexus-i18n:jar:1.0-beta-7
[DEBUG]   Included: org.codehaus.plexus:plexus-velocity:jar:1.1.7
[DEBUG]   Included: org.apache.velocity:velocity:jar:1.5
[DEBUG]   Included: org.apache.maven.doxia:doxia-decoration-model:jar:1.0
[DEBUG]   Included: org.apache.maven.doxia:doxia-module-apt:jar:1.0
[DEBUG]   Included: org.apache.maven.doxia:doxia-module-fml:jar:1.0
[DEBUG]   Included: org.apache.maven.doxia:doxia-module-xdoc:jar:1.0
[DEBUG]   Included: org.apache.maven.doxia:doxia-module-xhtml:jar:1.0
[DEBUG]   Included: org.codehaus.plexus:plexus-archiver:jar:2.0
[DEBUG]   Included: org.codehaus.plexus:plexus-utils:jar:3.0
[DEBUG]   Included: org.apache.maven.shared:file-management:jar:1.2.1
[DEBUG]   Included: org.apache.maven.shared:maven-shared-io:jar:1.1
[DEBUG]   Included: junit:junit:jar:3.8.1
[DEBUG]   Included: org.codehaus.plexus:plexus-io:jar:2.0.1
[DEBUG]   Included: org.apache.maven.shared:maven-dependency-analyzer:jar:1.2
[DEBUG]   Included: asm:asm:jar:3.0
[DEBUG]   Included: org.apache.maven.shared:maven-dependency-tree:jar:1.2
[DEBUG]   Included: org.apache.maven.shared:maven-common-artifact-filters:jar:1.2
[DEBUG]   Included: org.apache.maven.shared:maven-plugin-testing-harness:jar:1.1
[DEBUG]   Included: org.apache.maven.shared:maven-invoker:jar:2.0.11
[DEBUG]   Included: commons-lang:commons-lang:jar:2.6
[DEBUG]   Included: commons-collections:commons-collections:jar:3.2.1
[DEBUG]   Excluded: org.apache.maven:maven-artifact:jar:2.0.9
[DEBUG]   Excluded: org.apache.maven:maven-plugin-api:jar:2.0.9
[DEBUG]   Excluded: org.apache.maven:maven-project:jar:2.0.9
[DEBUG]   Excluded: org.apache.maven:maven-settings:jar:2.0.9
[DEBUG]   Excluded: org.apache.maven:maven-profile:jar:2.0.9
[DEBUG]   Excluded: org.apache.maven:maven-plugin-registry:jar:2.0.9
[DEBUG]   Excluded: org.apache.maven:maven-model:jar:2.0.9
[DEBUG]   Excluded: org.apache.maven:maven-core:jar:2.0.9
[DEBUG]   Excluded: org.apache.maven:maven-plugin-parameter-documenter:jar:2.0.9
[DEBUG]   Excluded: org.apache.maven:maven-error-diagnostics:jar:2.0.9
[DEBUG]   Excluded: org.apache.maven:maven-plugin-descriptor:jar:2.0.9
[DEBUG]   Excluded: org.apache.maven:maven-monitor:jar:2.0.9
[DEBUG]   Excluded: org.apache.maven:maven-artifact-manager:jar:2.0.9
[DEBUG]   Excluded: org.apache.maven:maven-repository-metadata:jar:2.0.9
[DEBUG]   Excluded: org.apache.maven.wagon:wagon-provider-api:jar:1.0-alpha-6
[DEBUG]   Excluded: org.codehaus.plexus:plexus-container-default:jar:1.0-alpha-9-stable-1
[DEBUG]   Excluded: classworlds:classworlds:jar:1.1
[DEBUG] Configuring mojo org.apache.maven.plugins:maven-dependency-plugin:2.4:copy-dependencies from plugin realm ClassRealm[plugin>org.apache.maven.plugins:maven-dependency-plugin:2.4, parent: sun.misc.Launcher$AppClassLoader@c22b29a]
[DEBUG] Configuring mojo 'org.apache.maven.plugins:maven-dependency-plugin:2.4:copy-dependencies' with basic configurator -->
[DEBUG]   (s) copyPom = false
[DEBUG]   (f) excludeTransitive = false
[DEBUG]   (s) failOnMissingClassifierArtifact = true
[DEBUG]   (s) local =        id: local
      url: file:///C:/Users/Keith/.m2/repository/
   layout: none

[DEBUG]   (s) markersDirectory = C:\heroku\target\dependency-maven-plugin-markers
[DEBUG]   (f) outputAbsoluteArtifactFilename = false
[DEBUG]   (s) outputDirectory = C:\heroku\target\dependency
[DEBUG]   (f) overWriteIfNewer = true
[DEBUG]   (f) overWriteReleases = false
[DEBUG]   (f) overWriteSnapshots = false
[DEBUG]   (s) prependGroupId = false
[DEBUG]   (f) project = MavenProject: com.example:helloworld:1.0-SNAPSHOT @ C:\heroku\pom.xml
[DEBUG]   (f) reactorProjects = [MavenProject: com.example:helloworld:1.0-SNAPSHOT @ C:\heroku\pom.xml]
[DEBUG]   (s) remoteRepos = [       id: central
      url: http://repo.maven.apache.org/maven2
   layout: default
snapshots: [enabled => false, update => daily]
 releases: [enabled => true, update => daily]
]
[DEBUG]   (f) silent = false
[DEBUG]   (s) stripVersion = false
[DEBUG]   (f) type = java-source
[DEBUG]   (s) useRepositoryLayout = false
[DEBUG]   (s) useSubDirectoryPerArtifact = false
[DEBUG]   (s) useSubDirectoryPerScope = false
[DEBUG]   (s) useSubDirectoryPerType = false
[DEBUG] -- end configuration --
[INFO] jetty-http-7.6.0.v20120127.jar already exists in destination.
[INFO] jetty-servlet-7.6.0.v20120127.jar already exists in destination.
[INFO] jetty-io-7.6.0.v20120127.jar already exists in destination.
[INFO] jetty-continuation-7.6.0.v20120127.jar already exists in destination.
[INFO] servlet-api-2.5.jar already exists in destination.
[INFO] jetty-server-7.6.0.v20120127.jar already exists in destination.
[INFO] jetty-security-7.6.0.v20120127.jar already exists in destination.
[INFO] jetty-util-7.6.0.v20120127.jar already exists in destination.
[INFO] ------------------------------------------------------------------------
[INFO] BUILD SUCCESS
[INFO] ------------------------------------------------------------------------
[INFO] Total time: 1.774s
[INFO] Finished at: Tue Oct 23 01:17:40 BST 2012
[INFO] Final Memory: 13M/153M
[INFO] ------------------------------------------------------------------------
